<?xml version="1.0" encoding="UTF-8"?>
<!-- Generated by org.testng.reporters.JUnitXMLReporter -->
<testsuite ignored="0" hostname="LAPTOP-6FN7NQSU" failures="0" tests="1" name="Test" time="0.097" errors="0" timestamp="2021-06-05T18:55:19 IST">
  <testcase classname="Combination.Merger.SearchOptions" name="@BeforeTest Start" time="0.014">
    <failure type="java.io.FileNotFoundException" message="C:\Users\91897\.eclipse\Merger\data.properties (The system cannot find the file specified)">
      <![CDATA[java.io.FileNotFoundException: C:\Users\91897\.eclipse\Merger\data.properties (The system cannot find the file specified)
at java.base/java.io.FileInputStream.open0(Native Method)
at java.base/java.io.FileInputStream.open(FileInputStream.java:212)
at java.base/java.io.FileInputStream.<init>(FileInputStream.java:154)
at java.base/java.io.FileInputStream.<init>(FileInputStream.java:109)
at Resources.base.initalizeDriver(base.java:33)
at Combination.Merger.SearchOptions.Start(SearchOptions.java:18)
... Removed 24 stack frames]]>
    </failure>
  </testcase> <!-- @BeforeTest Start -->
  <testcase classname="Combination.Merger.SearchOptions" name="searchVideo" time="0.0">
    <skipped/>
  </testcase> <!-- searchVideo -->
</testsuite> <!-- Test -->
