<?xml version="1.0" encoding="UTF-8"?>
<testng-results ignored="0" total="1" passed="1" failed="0" skipped="0">
  <reporter-output>
  </reporter-output>
  <suite started-at="2021-06-11T18:50:25 IST" name="Suite" finished-at="2021-06-11T18:50:36 IST" duration-ms="11136">
    <groups>
    </groups>
    <test started-at="2021-06-11T18:50:25 IST" name="Test" finished-at="2021-06-11T18:50:36 IST" duration-ms="11136">
      <class name="Combination.Merger.SearchOptions">
        <test-method is-config="true" signature="Start()[pri:0, instance:Combination.Merger.SearchOptions@6b4a4e18]" started-at="2021-06-11T18:50:25 IST" name="Start" finished-at="2021-06-11T18:50:34 IST" duration-ms="9031" status="PASS">
          <reporter-output>
          </reporter-output>
        </test-method> <!-- Start -->
        <test-method signature="searchVideo()[pri:0, instance:Combination.Merger.SearchOptions@6b4a4e18]" started-at="2021-06-11T18:50:34 IST" name="searchVideo" finished-at="2021-06-11T18:50:34 IST" duration-ms="276" status="PASS">
          <reporter-output>
          </reporter-output>
        </test-method> <!-- searchVideo -->
        <test-method is-config="true" signature="BurnDown()[pri:0, instance:Combination.Merger.SearchOptions@6b4a4e18]" started-at="2021-06-11T18:50:34 IST" name="BurnDown" finished-at="2021-06-11T18:50:36 IST" duration-ms="1786" status="PASS">
          <reporter-output>
          </reporter-output>
        </test-method> <!-- BurnDown -->
      </class> <!-- Combination.Merger.SearchOptions -->
    </test> <!-- Test -->
  </suite> <!-- Suite -->
</testng-results>
